Arguments: 
  /home/sus/.nvm/versions/node/v16.16.0/bin/node /usr/local/bin/yarn add @types/ffmpeg-normalize

PATH: 
  /home/sus/.bun/bin:/home/sus/.nvm/versions/node/v16.16.0/bin:/home/sus/.bun/bin:/home/sus/.bun/bin:/usr/local/sbin:/usr/local/bin:/usr/sbin:/usr/bin:/sbin:/bin:/usr/games:/usr/local/games:/snap/bin:/home/sus/.dotnet/tools

Yarn version: 
  1.22.19

Node version: 
  16.16.0

Platform: 
  linux x64

Trace: 
  Error: https://registry.yarnpkg.com/@types%2fffmpeg-normalize: Not found
      at Request.params.callback [as _callback] (/usr/local/lib/node_modules/yarn/lib/cli.js:66145:18)
      at Request.self.callback (/usr/local/lib/node_modules/yarn/lib/cli.js:140890:22)
      at Request.emit (node:events:527:28)
      at Request.<anonymous> (/usr/local/lib/node_modules/yarn/lib/cli.js:141862:10)
      at Request.emit (node:events:527:28)
      at IncomingMessage.<anonymous> (/usr/local/lib/node_modules/yarn/lib/cli.js:141784:12)
      at Object.onceWrapper (node:events:641:28)
      at IncomingMessage.emit (node:events:539:35)
      at endReadableNT (node:internal/streams/readable:1345:12)
      at processTicksAndRejections (node:internal/process/task_queues:83:21)

npm manifest: 
  { "dependencies": { "@types/ffmpeg-concat": "^1.1.2", "@types/fluent-ffmpeg": "^2.1.20", "@types/glob": "^7.2.0", "@types/node": "^18.7.13", "ffmpeg-concat": "^1.3.3", "fluent-ffmpeg": "^2.1.2", "glob": "^8.0.3" } }

yarn manifest: 
  No manifest

Lockfile: 
  No lockfile
